{
  "RSpec": {
    "coverage": {
      "/home/jaime/proyectos/gensamen/gensamen-backend/spec/controllers/users_controller_spec.rb": [
        null,
        null,
        1,
        null,
        1,
        1,
        1,
        1,
        1,
        null,
        1,
        1,
        1,
        null,
        null,
        null
      ],
      "/home/jaime/proyectos/gensamen/gensamen-backend/spec/rails_helper.rb": [
        null,
        null,
        1,
        1,
        1,
        null,
        1,
        0,
        null,
        1,
        null,
        2,
        null,
        null,
        1,
        null,
        0,
        0,
        null,
        1,
        null,
        1,
        null,
        null,
        null,
        null,
        1,
        null,
        null,
        null,
        null,
        null,
        null,
        null,
        null,
        null,
        null,
        null,
        null,
        null,
        null,
        1,
        null,
        null,
        1,
        null,
        null,
        null
      ],
      "/home/jaime/proyectos/gensamen/gensamen-backend/config/environment.rb": [
        null,
        1,
        null,
        null,
        1
      ],
      "/home/jaime/proyectos/gensamen/gensamen-backend/config/application.rb": [
        1,
        null,
        1,
        null,
        1,
        1,
        1,
        1,
        1,
        1,
        1,
        1,
        1,
        1,
        null,
        1,
        null,
        null,
        null,
        1,
        null,
        1,
        1,
        null,
        1,
        null,
        null,
        null,
        null,
        null,
        1,
        1,
        null,
        1,
        null,
        null,
        null,
        null,
        1,
        null,
        1,
        1,
        1,
        1,
        null,
        null,
        null
      ],
      "/home/jaime/proyectos/gensamen/gensamen-backend/config/boot.rb": [
        1,
        null,
        1,
        1
      ],
      "/home/jaime/proyectos/gensamen/gensamen-backend/config/environments/test.rb": [
        null,
        null,
        null,
        null,
        null,
        1,
        null,
        null,
        1,
        null,
        null,
        null,
        null,
        1,
        null,
        null,
        1,
        1,
        null,
        null,
        null,
        null,
        1,
        1,
        1,
        null,
        null,
        1,
        null,
        null,
        1,
        null,
        null,
        1,
        null,
        1,
        null,
        null,
        null,
        null,
        1,
        null,
        null,
        1,
        null,
        null,
        null,
        null
      ],
      "/home/jaime/proyectos/gensamen/gensamen-backend/config/initializers/active_model_serializer.rb": [
        null,
        null,
        null,
        null,
        null,
        null,
        null,
        null,
        null,
        null,
        null,
        null,
        null,
        null,
        null,
        null
      ],
      "/home/jaime/proyectos/gensamen/gensamen-backend/config/initializers/application_controller_renderer.rb": [
        null,
        null,
        null,
        null,
        null,
        null,
        null,
        null
      ],
      "/home/jaime/proyectos/gensamen/gensamen-backend/config/initializers/backtrace_silencers.rb": [
        null,
        null,
        null,
        null,
        null,
        null,
        null
      ],
      "/home/jaime/proyectos/gensamen/gensamen-backend/config/initializers/cors.rb": [
        null,
        null,
        null,
        null,
        null,
        null,
        null,
        null,
        null,
        null,
        null,
        null,
        null,
        null,
        null,
        null
      ],
      "/home/jaime/proyectos/gensamen/gensamen-backend/config/initializers/filter_parameter_logging.rb": [
        null,
        null,
        null,
        1
      ],
      "/home/jaime/proyectos/gensamen/gensamen-backend/config/initializers/inflections.rb": [
        1
      ],
      "/home/jaime/proyectos/gensamen/gensamen-backend/config/initializers/mime_types.rb": [
        null,
        null,
        null,
        null
      ],
      "/home/jaime/proyectos/gensamen/gensamen-backend/config/initializers/sidekiq.rb": [
        1,
        0,
        null,
        null,
        1,
        1,
        null
      ],
      "/home/jaime/proyectos/gensamen/gensamen-backend/config/initializers/wrap_parameters.rb": [
        null,
        null,
        null,
        null,
        null,
        null,
        1,
        2,
        null,
        null,
        null,
        null,
        null,
        null
      ],
      "/home/jaime/proyectos/gensamen/gensamen-backend/spec/factories/users.rb": [
        null,
        null,
        1,
        1,
        6,
        6,
        6,
        6,
        null,
        null
      ],
      "/home/jaime/proyectos/gensamen/gensamen-backend/app/models/user.rb": [
        null,
        null,
        null,
        null,
        null,
        null,
        null,
        null,
        null,
        null,
        null,
        null,
        null,
        null,
        null,
        null,
        null,
        null,
        null,
        1,
        1,
        1,
        1,
        1,
        null,
        1,
        0,
        null,
        null,
        1,
        null,
        1,
        5,
        5,
        0,
        null,
        null,
        null
      ],
      "/home/jaime/proyectos/gensamen/gensamen-backend/app/models/application_record.rb": [
        null,
        null,
        null,
        1,
        1,
        null
      ],
      "/home/jaime/proyectos/gensamen/gensamen-backend/config/routes.rb": [
        1,
        1,
        1,
        null,
        1,
        1,
        null,
        1,
        1,
        1,
        1,
        1,
        null,
        1,
        1,
        null,
        null,
        1,
        null,
        null
      ],
      "/home/jaime/proyectos/gensamen/gensamen-backend/spec/support/factory_bot.rb": [
        null,
        null,
        1,
        1,
        null
      ],
      "/home/jaime/proyectos/gensamen/gensamen-backend/app/controllers/users_controller.rb": [
        null,
        null,
        null,
        1,
        1,
        2,
        2,
        2,
        2,
        null,
        null
      ],
      "/home/jaime/proyectos/gensamen/gensamen-backend/app/controllers/application_controller.rb": [
        null,
        null,
        null,
        1,
        null,
        1,
        null,
        1,
        2,
        null,
        null,
        1,
        0,
        null,
        null,
        1,
        null,
        1,
        0,
        0,
        null,
        null
      ],
      "/home/jaime/proyectos/gensamen/gensamen-backend/spec/models/user_spec.rb": [
        null,
        null,
        1,
        null,
        1,
        1,
        6,
        1,
        1,
        1,
        null,
        1,
        1,
        1,
        null,
        1,
        1,
        1,
        null,
        1,
        1,
        1,
        null,
        1,
        1,
        null,
        null,
        null
      ],
      "/home/jaime/proyectos/gensamen/gensamen-backend/app/services/search/user.rb": [
        null,
        null,
        null,
        1,
        1,
        null,
        1,
        2,
        2,
        2,
        2,
        null,
        2,
        2,
        null,
        null,
        1,
        2,
        2,
        null,
        null,
        1,
        2,
        0,
        null,
        2,
        null,
        null,
        null,
        1,
        2,
        null,
        2,
        null,
        null,
        null,
        null,
        null,
        null,
        null,
        null,
        null
      ]
    },
    "timestamp": 1565029466
  }
}
